2023-02-17 22:32:37,737 : INFO : environment : initialize : Line 59 : 

    ██████╗ ██╗     ██╗   ██╗███████╗███╗   ███╗██╗███████╗████████╗               █████╗ ██╗
    ██╔══██╗██║     ██║   ██║██╔════╝████╗ ████║██║██╔════╝╚══██╔══╝              ██╔══██╗██║
    ██████╔╝██║     ██║   ██║█████╗  ██╔████╔██║██║███████╗   ██║       █████╗    ███████║██║
    ██╔══██╗██║     ██║   ██║██╔══╝  ██║╚██╔╝██║██║╚════██║   ██║       ╚════╝    ██╔══██║██║
    ██████╔╝███████╗╚██████╔╝███████╗██║ ╚═╝ ██║██║███████║   ██║                 ██║  ██║██║
    ╚═════╝ ╚══════╝ ╚═════╝ ╚══════╝╚═╝     ╚═╝╚═╝╚══════╝   ╚═╝                 ╚═╝  ╚═╝╚═╝                                                                                           
    (version 0.1.1)
    
2023-02-17 22:32:37,840 : INFO : environment : initialize : Line 64 : System platform :: posix, 5.19.0-31-generic, linux-x86_64, ('64bit', 'ELF')
2023-02-17 22:32:37,841 : DEBUG : environment : initialize : Line 67 : Printing environment variables...
2023-02-17 22:32:37,842 : DEBUG : environment : initialize : Line 69 : PATH=/home/shashank-agrawal/anaconda3/envs/bluemist-ai/bin:/home/shashank-agrawal/anaconda3/condabin:/home/shashank-agrawal/bin:/home/shashank-agrawal/.local/bin:/usr/local/sbin:/usr/local/bin:/usr/sbin:/usr/bin:/sbin:/bin:/usr/games:/usr/local/games:/snap/bin:/snap/bin
2023-02-17 22:32:37,843 : DEBUG : environment : initialize : Line 69 : XAUTHORITY=/run/user/1000/.mutter-Xwaylandauth.IPQZ01
2023-02-17 22:32:37,843 : DEBUG : environment : initialize : Line 69 : INVOCATION_ID=f3d0a69757bf47adb33a29a0c917849c
2023-02-17 22:32:37,843 : DEBUG : environment : initialize : Line 69 : XMODIFIERS=@im=ibus
2023-02-17 22:32:37,844 : DEBUG : environment : initialize : Line 69 : XDG_DATA_DIRS=/usr/share/ubuntu:/usr/local/share/:/usr/share/:/var/lib/snapd/desktop
2023-02-17 22:32:37,844 : DEBUG : environment : initialize : Line 69 : GDMSESSION=ubuntu
2023-02-17 22:32:37,845 : DEBUG : environment : initialize : Line 69 : SNAP_COMMON=/var/snap/pycharm-community/common
2023-02-17 22:32:37,845 : DEBUG : environment : initialize : Line 69 : CONDA_DEFAULT_ENV=bluemist-ai
2023-02-17 22:32:37,845 : DEBUG : environment : initialize : Line 69 : SNAP_INSTANCE_KEY=
2023-02-17 22:32:37,846 : DEBUG : environment : initialize : Line 69 : SNAP_USER_COMMON=/home/shashank-agrawal/snap/pycharm-community/common
2023-02-17 22:32:37,846 : DEBUG : environment : initialize : Line 69 : DBUS_SESSION_BUS_ADDRESS=unix:path=/run/user/1000/bus
2023-02-17 22:32:37,846 : DEBUG : environment : initialize : Line 69 : SNAP_REVISION=315
2023-02-17 22:32:37,846 : DEBUG : environment : initialize : Line 69 : XDG_CURRENT_DESKTOP=ubuntu:GNOME
2023-02-17 22:32:37,847 : DEBUG : environment : initialize : Line 69 : CONDA_PREFIX=/home/shashank-agrawal/anaconda3/envs/bluemist-ai
2023-02-17 22:32:37,847 : DEBUG : environment : initialize : Line 69 : JOURNAL_STREAM=8:40449
2023-02-17 22:32:37,847 : DEBUG : environment : initialize : Line 69 : SESSION_MANAGER=local/Lenovo-G510:@/tmp/.ICE-unix/2613,unix/Lenovo-G510:/tmp/.ICE-unix/2613
2023-02-17 22:32:37,847 : DEBUG : environment : initialize : Line 69 : USERNAME=shashank-agrawal
2023-02-17 22:32:37,847 : DEBUG : environment : initialize : Line 69 : LOGNAME=shashank-agrawal
2023-02-17 22:32:37,848 : DEBUG : environment : initialize : Line 69 : PWD=/home/shashank-agrawal/PycharmProjects/bluemist-ai/bluemist
2023-02-17 22:32:37,848 : DEBUG : environment : initialize : Line 69 : MANAGERPID=2370
2023-02-17 22:32:37,848 : DEBUG : environment : initialize : Line 69 : IM_CONFIG_PHASE=1
2023-02-17 22:32:37,848 : DEBUG : environment : initialize : Line 69 : PYCHARM_HOSTED=1
2023-02-17 22:32:37,849 : DEBUG : environment : initialize : Line 69 : GJS_DEBUG_TOPICS=JS ERROR;JS LOG
2023-02-17 22:32:37,849 : DEBUG : environment : initialize : Line 69 : PYTHONPATH=/home/shashank-agrawal/PycharmProjects/bluemist-ai
2023-02-17 22:32:37,849 : DEBUG : environment : initialize : Line 69 : SHELL=/bin/bash
2023-02-17 22:32:37,849 : DEBUG : environment : initialize : Line 69 : GIO_LAUNCHED_DESKTOP_FILE=/var/lib/snapd/desktop/applications/pycharm-community_pycharm-community.desktop
2023-02-17 22:32:37,849 : DEBUG : environment : initialize : Line 69 : BAMF_DESKTOP_FILE_HINT=/var/lib/snapd/desktop/applications/pycharm-community_pycharm-community.desktop
2023-02-17 22:32:37,850 : DEBUG : environment : initialize : Line 69 : GNOME_DESKTOP_SESSION_ID=this-is-deprecated
2023-02-17 22:32:37,850 : DEBUG : environment : initialize : Line 69 : GTK_MODULES=gail:atk-bridge
2023-02-17 22:32:37,850 : DEBUG : environment : initialize : Line 69 : SNAP_ARCH=amd64
2023-02-17 22:32:37,850 : DEBUG : environment : initialize : Line 69 : DEBUGINFOD_URLS=https://debuginfod.ubuntu.com 
2023-02-17 22:32:37,850 : DEBUG : environment : initialize : Line 69 : CONDA_PROMPT_MODIFIER=(bluemist-ai) 
2023-02-17 22:32:37,851 : DEBUG : environment : initialize : Line 69 : SYSTEMD_EXEC_PID=2632
2023-02-17 22:32:37,851 : DEBUG : environment : initialize : Line 69 : XDG_SESSION_DESKTOP=ubuntu
2023-02-17 22:32:37,851 : DEBUG : environment : initialize : Line 69 : GNOME_SETUP_DISPLAY=:1
2023-02-17 22:32:37,851 : DEBUG : environment : initialize : Line 69 : SNAP_LIBRARY_PATH=/var/lib/snapd/lib/gl:/var/lib/snapd/lib/gl32:/var/lib/snapd/void
2023-02-17 22:32:37,852 : DEBUG : environment : initialize : Line 69 : SSH_AGENT_LAUNCHER=openssh
2023-02-17 22:32:37,852 : DEBUG : environment : initialize : Line 69 : SHLVL=0
2023-02-17 22:32:37,852 : DEBUG : environment : initialize : Line 69 : SNAP_NAME=pycharm-community
2023-02-17 22:32:37,852 : DEBUG : environment : initialize : Line 69 : QT_IM_MODULE=ibus
2023-02-17 22:32:37,852 : DEBUG : environment : initialize : Line 69 : XDG_CONFIG_DIRS=/etc/xdg/xdg-ubuntu:/etc/xdg
2023-02-17 22:32:37,853 : DEBUG : environment : initialize : Line 69 : LANG=en_US.UTF-8
2023-02-17 22:32:37,853 : DEBUG : environment : initialize : Line 69 : SNAP_INSTANCE_NAME=pycharm-community
2023-02-17 22:32:37,853 : DEBUG : environment : initialize : Line 69 : XDG_SESSION_TYPE=wayland
2023-02-17 22:32:37,853 : DEBUG : environment : initialize : Line 69 : SNAP_USER_DATA=/home/shashank-agrawal/snap/pycharm-community/315
2023-02-17 22:32:37,854 : DEBUG : environment : initialize : Line 69 : DISPLAY=:0
2023-02-17 22:32:37,854 : DEBUG : environment : initialize : Line 69 : SNAP_REEXEC=
2023-02-17 22:32:37,854 : DEBUG : environment : initialize : Line 69 : WAYLAND_DISPLAY=wayland-0
2023-02-17 22:32:37,854 : DEBUG : environment : initialize : Line 69 : SNAP_VERSION=2022.3.2
2023-02-17 22:32:37,854 : DEBUG : environment : initialize : Line 69 : CONDA_SHLVL=1
2023-02-17 22:32:37,855 : DEBUG : environment : initialize : Line 69 : XDG_SESSION_CLASS=user
2023-02-17 22:32:37,855 : DEBUG : environment : initialize : Line 69 : _=/usr/bin/gnome-session
2023-02-17 22:32:37,855 : DEBUG : environment : initialize : Line 69 : SNAP_DATA=/var/snap/pycharm-community/315
2023-02-17 22:32:37,855 : DEBUG : environment : initialize : Line 69 : PYTHONIOENCODING=UTF-8
2023-02-17 22:32:37,855 : DEBUG : environment : initialize : Line 69 : DESKTOP_SESSION=ubuntu
2023-02-17 22:32:37,856 : DEBUG : environment : initialize : Line 69 : SNAP=/snap/pycharm-community/315
2023-02-17 22:32:37,856 : DEBUG : environment : initialize : Line 69 : USER=shashank-agrawal
2023-02-17 22:32:37,857 : DEBUG : environment : initialize : Line 69 : SNAP_REAL_HOME=/home/shashank-agrawal
2023-02-17 22:32:37,857 : DEBUG : environment : initialize : Line 69 : XDG_MENU_PREFIX=gnome-
2023-02-17 22:32:37,858 : DEBUG : environment : initialize : Line 69 : GIO_LAUNCHED_DESKTOP_FILE_PID=13067
2023-02-17 22:32:37,858 : DEBUG : environment : initialize : Line 69 : QT_ACCESSIBILITY=1
2023-02-17 22:32:37,859 : DEBUG : environment : initialize : Line 69 : GJS_DEBUG_OUTPUT=stderr
2023-02-17 22:32:37,859 : DEBUG : environment : initialize : Line 69 : SSH_AUTH_SOCK=/run/user/1000/keyring/ssh
2023-02-17 22:32:37,859 : DEBUG : environment : initialize : Line 69 : PYTHONUNBUFFERED=1
2023-02-17 22:32:37,860 : DEBUG : environment : initialize : Line 69 : QT_QPA_PLATFORMTHEME=appmenu-qt5
2023-02-17 22:32:37,860 : DEBUG : environment : initialize : Line 69 : GNOME_SHELL_SESSION_MODE=ubuntu
2023-02-17 22:32:37,860 : DEBUG : environment : initialize : Line 69 : SNAP_CONTEXT=TH5tqtxLmo9ShdKlEBAZc6u4bWIr3M0WWbdvPINAEAQmrjxaSIQE
2023-02-17 22:32:37,861 : DEBUG : environment : initialize : Line 69 : XDG_RUNTIME_DIR=/run/user/1000
2023-02-17 22:32:37,861 : DEBUG : environment : initialize : Line 69 : SNAP_COOKIE=TH5tqtxLmo9ShdKlEBAZc6u4bWIr3M0WWbdvPINAEAQmrjxaSIQE
2023-02-17 22:32:37,861 : DEBUG : environment : initialize : Line 69 : HOME=/home/shashank-agrawal
2023-02-17 22:32:37,861 : DEBUG : environment : initialize : Line 69 : KMP_DUPLICATE_LIB_OK=True
2023-02-17 22:32:37,862 : DEBUG : environment : initialize : Line 69 : KMP_INIT_AT_FORK=FALSE
2023-02-17 22:32:37,862 : DEBUG : environment : initialize : Line 69 : BLUEMIST_PATH=/home/shashank-agrawal/PycharmProjects/bluemist-ai/bluemist
2023-02-17 22:32:37,862 : DEBUG : environment : initialize : Line 77 : Removing directory :: /home/shashank-agrawal/PycharmProjects/bluemist-ai/bluemist/artifacts/data
2023-02-17 22:32:37,863 : DEBUG : environment : initialize : Line 80 : Creating directory :: /home/shashank-agrawal/PycharmProjects/bluemist-ai/bluemist/artifacts/data
2023-02-17 22:32:37,863 : DEBUG : environment : initialize : Line 77 : Removing directory :: /home/shashank-agrawal/PycharmProjects/bluemist-ai/bluemist/artifacts/eda
2023-02-17 22:32:37,871 : DEBUG : environment : initialize : Line 80 : Creating directory :: /home/shashank-agrawal/PycharmProjects/bluemist-ai/bluemist/artifacts/eda
2023-02-17 22:32:37,871 : DEBUG : environment : initialize : Line 77 : Removing directory :: /home/shashank-agrawal/PycharmProjects/bluemist-ai/bluemist/artifacts/experiments
2023-02-17 22:32:37,872 : DEBUG : environment : initialize : Line 80 : Creating directory :: /home/shashank-agrawal/PycharmProjects/bluemist-ai/bluemist/artifacts/experiments
2023-02-17 22:32:37,872 : DEBUG : environment : initialize : Line 77 : Removing directory :: /home/shashank-agrawal/PycharmProjects/bluemist-ai/bluemist/artifacts/models
2023-02-17 22:32:37,873 : DEBUG : environment : initialize : Line 80 : Creating directory :: /home/shashank-agrawal/PycharmProjects/bluemist-ai/bluemist/artifacts/models
2023-02-17 22:32:37,873 : DEBUG : environment : initialize : Line 77 : Removing directory :: /home/shashank-agrawal/PycharmProjects/bluemist-ai/bluemist/artifacts/preprocessor
2023-02-17 22:32:37,873 : DEBUG : environment : initialize : Line 80 : Creating directory :: /home/shashank-agrawal/PycharmProjects/bluemist-ai/bluemist/artifacts/preprocessor
2023-02-17 22:32:37,874 : DEBUG : environment : initialize : Line 84 : Clearing file content of /home/shashank-agrawal/PycharmProjects/bluemist-ai/bluemist/artifacts/api/predict.py
2023-02-17 22:32:37,931 : INFO : analyze_data : perform_eda : Line 57 : Peforming EDA using :: autoviz
2023-02-17 22:34:15,242 : INFO : analyze_data : perform_eda : Line 79 : Output html files saved under :: /home/shashank-agrawal/PycharmProjects/bluemist-ai/bluemist/artifacts/eda/autoviz
2023-02-17 23:27:15,100 : INFO : environment : <module> : Line 28 : BLUEMIST_PATH /home/shashank-agrawal/PycharmProjects/bluemist-ai/bluemist
2023-02-17 23:27:16,667 : INFO : utils : _init_num_threads : Line 159 : NumExpr defaulting to 8 threads.
2023-02-17 23:27:24,792 : INFO : __init__ : <module> : Line 14 : Pandas backend loaded 1.4.2
2023-02-17 23:27:24,823 : INFO : __init__ : <module> : Line 25 : Numpy backend loaded 1.22.3
2023-02-17 23:27:24,825 : INFO : __init__ : <module> : Line 37 : Pyspark backend NOT loaded
2023-02-17 23:27:24,825 : INFO : __init__ : <module> : Line 43 : Python backend loaded
2023-02-17 23:31:05,081 : INFO : environment : <module> : Line 28 : BLUEMIST_PATH /home/shashank-agrawal/PycharmProjects/bluemist-ai/bluemist
2023-02-17 23:31:05,352 : INFO : utils : _init_num_threads : Line 159 : NumExpr defaulting to 8 threads.
2023-02-17 23:31:10,439 : INFO : __init__ : <module> : Line 14 : Pandas backend loaded 1.4.2
2023-02-17 23:31:10,465 : INFO : __init__ : <module> : Line 25 : Numpy backend loaded 1.22.3
2023-02-17 23:31:10,466 : INFO : __init__ : <module> : Line 37 : Pyspark backend NOT loaded
2023-02-17 23:31:10,466 : INFO : __init__ : <module> : Line 43 : Python backend loaded
2023-02-17 23:34:33,091 : INFO : environment : <module> : Line 28 : BLUEMIST_PATH /home/shashank-agrawal/PycharmProjects/bluemist-ai/bluemist
2023-02-17 23:34:33,325 : INFO : utils : _init_num_threads : Line 159 : NumExpr defaulting to 8 threads.
2023-02-17 23:34:37,900 : INFO : __init__ : <module> : Line 14 : Pandas backend loaded 1.4.2
2023-02-17 23:34:37,923 : INFO : __init__ : <module> : Line 25 : Numpy backend loaded 1.22.3
2023-02-17 23:34:37,924 : INFO : __init__ : <module> : Line 37 : Pyspark backend NOT loaded
2023-02-17 23:34:37,924 : INFO : __init__ : <module> : Line 43 : Python backend loaded
2023-02-17 23:37:05,452 : INFO : environment : <module> : Line 28 : BLUEMIST_PATH /home/shashank-agrawal/PycharmProjects/bluemist-ai/bluemist
2023-02-17 23:37:06,194 : INFO : utils : _init_num_threads : Line 159 : NumExpr defaulting to 8 threads.
2023-02-17 23:37:12,698 : INFO : __init__ : <module> : Line 14 : Pandas backend loaded 1.4.2
2023-02-17 23:37:12,725 : INFO : __init__ : <module> : Line 25 : Numpy backend loaded 1.22.3
2023-02-17 23:37:12,726 : INFO : __init__ : <module> : Line 37 : Pyspark backend NOT loaded
2023-02-17 23:37:12,726 : INFO : __init__ : <module> : Line 43 : Python backend loaded
2023-02-17 23:38:02,757 : INFO : environment : <module> : Line 28 : BLUEMIST_PATH /home/shashank-agrawal/PycharmProjects/bluemist-ai/bluemist
2023-02-17 23:38:03,025 : INFO : utils : _init_num_threads : Line 159 : NumExpr defaulting to 8 threads.
2023-02-17 23:38:08,073 : INFO : __init__ : <module> : Line 14 : Pandas backend loaded 1.4.2
2023-02-17 23:38:08,112 : INFO : __init__ : <module> : Line 25 : Numpy backend loaded 1.22.3
2023-02-17 23:38:08,113 : INFO : __init__ : <module> : Line 37 : Pyspark backend NOT loaded
2023-02-17 23:38:08,114 : INFO : __init__ : <module> : Line 43 : Python backend loaded
2023-02-17 23:42:18,107 : INFO : environment : <module> : Line 28 : BLUEMIST_PATH /home/shashank-agrawal/PycharmProjects/bluemist-ai/bluemist
2023-02-17 23:42:18,364 : INFO : utils : _init_num_threads : Line 159 : NumExpr defaulting to 8 threads.
2023-02-17 23:42:24,165 : INFO : __init__ : <module> : Line 14 : Pandas backend loaded 1.4.2
2023-02-17 23:42:24,190 : INFO : __init__ : <module> : Line 25 : Numpy backend loaded 1.22.3
2023-02-17 23:42:24,191 : INFO : __init__ : <module> : Line 37 : Pyspark backend NOT loaded
2023-02-17 23:42:24,192 : INFO : __init__ : <module> : Line 43 : Python backend loaded
2023-02-17 23:43:33,415 : INFO : environment : <module> : Line 28 : BLUEMIST_PATH /home/shashank-agrawal/PycharmProjects/bluemist-ai/bluemist
2023-02-17 23:43:33,650 : INFO : utils : _init_num_threads : Line 159 : NumExpr defaulting to 8 threads.
2023-02-17 23:43:38,348 : INFO : __init__ : <module> : Line 14 : Pandas backend loaded 1.4.2
2023-02-17 23:43:38,376 : INFO : __init__ : <module> : Line 25 : Numpy backend loaded 1.22.3
2023-02-17 23:43:38,378 : INFO : __init__ : <module> : Line 37 : Pyspark backend NOT loaded
2023-02-17 23:43:38,378 : INFO : __init__ : <module> : Line 43 : Python backend loaded
2023-02-17 23:44:43,512 : INFO : environment : <module> : Line 28 : BLUEMIST_PATH /home/shashank-agrawal/PycharmProjects/bluemist-ai/bluemist
2023-02-17 23:44:43,761 : INFO : utils : _init_num_threads : Line 159 : NumExpr defaulting to 8 threads.
2023-02-17 23:44:48,446 : INFO : __init__ : <module> : Line 14 : Pandas backend loaded 1.4.2
2023-02-17 23:44:48,470 : INFO : __init__ : <module> : Line 25 : Numpy backend loaded 1.22.3
2023-02-17 23:44:48,471 : INFO : __init__ : <module> : Line 37 : Pyspark backend NOT loaded
2023-02-17 23:44:48,471 : INFO : __init__ : <module> : Line 43 : Python backend loaded
