The system is: Linux - 5.15.0-1031-azure - i686
Compiling the C compiler identification source file "CMakeCCompilerId.c" succeeded.
Compiler: /opt/rh/devtoolset-10/root/usr/bin/cc 
Build flags: 
Id flags:  

The output was:
0


Compilation of the C compiler identification source "CMakeCCompilerId.c" produced "a.out"

The C compiler identification is GNU, found in "/project/dotbot/lib/_build/CMakeFiles/3.25.2/CompilerIdC/a.out"

Compiling the CXX compiler identification source file "CMakeCXXCompilerId.cpp" succeeded.
Compiler: /opt/rh/devtoolset-10/root/usr/bin/c++ 
Build flags: 
Id flags:  

The output was:
0


Compilation of the CXX compiler identification source "CMakeCXXCompilerId.cpp" produced "a.out"

The CXX compiler identification is GNU, found in "/project/dotbot/lib/_build/CMakeFiles/3.25.2/CompilerIdCXX/a.out"

Detecting C compiler ABI info compiled with the following output:
Change Dir: /project/dotbot/lib/_build/CMakeFiles/CMakeScratch/TryCompile-ExWyW4

Run Build Command(s):/tmp/build-env-zsl3bi1o/bin/ninja cmTC_9e841 && [1/2] Building C object CMakeFiles/cmTC_9e841.dir/CMakeCCompilerABI.c.o
Using built-in specs.
COLLECT_GCC=/opt/rh/devtoolset-10/root/usr/bin/cc
Target: i686-redhat-linux
Configured with: ../configure --enable-bootstrap --enable-languages=c,c++,fortran,lto --prefix=/opt/rh/devtoolset-10/root/usr --mandir=/opt/rh/devtoolset-10/root/usr/share/man --infodir=/opt/rh/devtoolset-10/root/usr/share/info --with-bugurl=http://bugzilla.redhat.com/bugzilla --enable-shared --enable-threads=posix --enable-checking=release --enable-multilib --with-system-zlib --enable-__cxa_atexit --disable-libunwind-exceptions --enable-gnu-unique-object --enable-linker-build-id --with-gcc-major-version-only --with-linker-hash-style=gnu --with-default-libstdcxx-abi=gcc4-compatible --enable-plugin --enable-initfini-array --with-isl=/builddir/build/BUILD/gcc-10.2.1-20210130/obj-i686-redhat-linux/isl-install --disable-libmpx --enable-gnu-indirect-function --with-tune=generic --with-arch=x86-64 --build=i686-redhat-linux
Thread model: posix
Supported LTO compression algorithms: zlib
gcc version 10.2.1 20210130 (Red Hat 10.2.1-11) (GCC) 
COLLECT_GCC_OPTIONS='-v' '-o' 'CMakeFiles/cmTC_9e841.dir/CMakeCCompilerABI.c.o' '-c' '-mtune=generic' '-march=x86-64'
 /opt/rh/devtoolset-10/root/usr/libexec/gcc/i686-redhat-linux/10/cc1 -quiet -v /tmp/build-env-zsl3bi1o/lib/python3.10/site-packages/cmake/data/share/cmake-3.25/Modules/CMakeCCompilerABI.c -quiet -dumpbase CMakeCCompilerABI.c -mtune=generic -march=x86-64 -auxbase-strip CMakeFiles/cmTC_9e841.dir/CMakeCCompilerABI.c.o -version -o /tmp/ccquYIwg.s
GNU C17 (GCC) version 10.2.1 20210130 (Red Hat 10.2.1-11) (i686-redhat-linux)
	compiled by GNU C version 10.2.1 20210130 (Red Hat 10.2.1-11), GMP version 6.0.0, MPFR version 3.1.1, MPC version 1.0.1, isl version isl-0.16.1-GMP

GGC heuristics: --param ggc-min-expand=100 --param ggc-min-heapsize=131072
ignoring nonexistent directory "/opt/rh/devtoolset-10/root/usr/lib/gcc/i686-redhat-linux/10/include-fixed"
ignoring nonexistent directory "/opt/rh/devtoolset-10/root/usr/lib/gcc/i686-redhat-linux/10/../../../../i686-redhat-linux/include"
#include "..." search starts here:
#include <...> search starts here:
 /opt/rh/devtoolset-10/root/usr/lib/gcc/i686-redhat-linux/10/include
 /usr/local/include
 /opt/rh/devtoolset-10/root/usr/include
 /usr/include
End of search list.
GNU C17 (GCC) version 10.2.1 20210130 (Red Hat 10.2.1-11) (i686-redhat-linux)
	compiled by GNU C version 10.2.1 20210130 (Red Hat 10.2.1-11), GMP version 6.0.0, MPFR version 3.1.1, MPC version 1.0.1, isl version isl-0.16.1-GMP

GGC heuristics: --param ggc-min-expand=100 --param ggc-min-heapsize=131072
Compiler executable checksum: 20bfd19d1eacf2753116ab974965aa9f
COLLECT_GCC_OPTIONS='-v' '-o' 'CMakeFiles/cmTC_9e841.dir/CMakeCCompilerABI.c.o' '-c' '-mtune=generic' '-march=x86-64'
 /opt/rh/devtoolset-10/root/usr/libexec/gcc/i686-redhat-linux/10/as -v --32 -o CMakeFiles/cmTC_9e841.dir/CMakeCCompilerABI.c.o /tmp/ccquYIwg.s
GNU assembler version 2.35 (i686-redhat-linux) using BFD version version 2.35-5.el7.3
COMPILER_PATH=/opt/rh/devtoolset-10/root/usr/libexec/gcc/i686-redhat-linux/10/:/opt/rh/devtoolset-10/root/usr/libexec/gcc/i686-redhat-linux/10/:/opt/rh/devtoolset-10/root/usr/libexec/gcc/i686-redhat-linux/:/opt/rh/devtoolset-10/root/usr/lib/gcc/i686-redhat-linux/10/:/opt/rh/devtoolset-10/root/usr/lib/gcc/i686-redhat-linux/
LIBRARY_PATH=/opt/rh/devtoolset-10/root/usr/lib/gcc/i686-redhat-linux/10/:/opt/rh/devtoolset-10/root/usr/lib/gcc/i686-redhat-linux/10/../../../:/lib/:/usr/lib/
COLLECT_GCC_OPTIONS='-v' '-o' 'CMakeFiles/cmTC_9e841.dir/CMakeCCompilerABI.c.o' '-c' '-mtune=generic' '-march=x86-64'
[2/2] Linking C executable cmTC_9e841
Using built-in specs.
COLLECT_GCC=/opt/rh/devtoolset-10/root/usr/bin/cc
COLLECT_LTO_WRAPPER=/opt/rh/devtoolset-10/root/usr/libexec/gcc/i686-redhat-linux/10/lto-wrapper
Target: i686-redhat-linux
Configured with: ../configure --enable-bootstrap --enable-languages=c,c++,fortran,lto --prefix=/opt/rh/devtoolset-10/root/usr --mandir=/opt/rh/devtoolset-10/root/usr/share/man --infodir=/opt/rh/devtoolset-10/root/usr/share/info --with-bugurl=http://bugzilla.redhat.com/bugzilla --enable-shared --enable-threads=posix --enable-checking=release --enable-multilib --with-system-zlib --enable-__cxa_atexit --disable-libunwind-exceptions --enable-gnu-unique-object --enable-linker-build-id --with-gcc-major-version-only --with-linker-hash-style=gnu --with-default-libstdcxx-abi=gcc4-compatible --enable-plugin --enable-initfini-array --with-isl=/builddir/build/BUILD/gcc-10.2.1-20210130/obj-i686-redhat-linux/isl-install --disable-libmpx --enable-gnu-indirect-function --with-tune=generic --with-arch=x86-64 --build=i686-redhat-linux
Thread model: posix
Supported LTO compression algorithms: zlib
gcc version 10.2.1 20210130 (Red Hat 10.2.1-11) (GCC) 
COMPILER_PATH=/opt/rh/devtoolset-10/root/usr/libexec/gcc/i686-redhat-linux/10/:/opt/rh/devtoolset-10/root/usr/libexec/gcc/i686-redhat-linux/10/:/opt/rh/devtoolset-10/root/usr/libexec/gcc/i686-redhat-linux/:/opt/rh/devtoolset-10/root/usr/lib/gcc/i686-redhat-linux/10/:/opt/rh/devtoolset-10/root/usr/lib/gcc/i686-redhat-linux/
LIBRARY_PATH=/opt/rh/devtoolset-10/root/usr/lib/gcc/i686-redhat-linux/10/:/opt/rh/devtoolset-10/root/usr/lib/gcc/i686-redhat-linux/10/../../../:/lib/:/usr/lib/
COLLECT_GCC_OPTIONS='-v' '-o' 'cmTC_9e841' '-mtune=generic' '-march=x86-64'
 /opt/rh/devtoolset-10/root/usr/libexec/gcc/i686-redhat-linux/10/collect2 -plugin /opt/rh/devtoolset-10/root/usr/libexec/gcc/i686-redhat-linux/10/liblto_plugin.so -plugin-opt=/opt/rh/devtoolset-10/root/usr/libexec/gcc/i686-redhat-linux/10/lto-wrapper -plugin-opt=-fresolution=/tmp/ccZVvXgk.res -plugin-opt=-pass-through=-lgcc -plugin-opt=-pass-through=-lgcc_s -plugin-opt=-pass-through=-lc -plugin-opt=-pass-through=-lgcc -plugin-opt=-pass-through=-lgcc_s --build-id --no-add-needed --eh-frame-hdr --hash-style=gnu -m elf_i386 -dynamic-linker /lib/ld-linux.so.2 -o cmTC_9e841 /lib/crt1.o /lib/crti.o /opt/rh/devtoolset-10/root/usr/lib/gcc/i686-redhat-linux/10/crtbegin.o -L/opt/rh/devtoolset-10/root/usr/lib/gcc/i686-redhat-linux/10 -L/opt/rh/devtoolset-10/root/usr/lib/gcc/i686-redhat-linux/10/../../.. CMakeFiles/cmTC_9e841.dir/CMakeCCompilerABI.c.o -lgcc --push-state --as-needed -lgcc_s --pop-state -lc -lgcc --push-state --as-needed -lgcc_s --pop-state /opt/rh/devtoolset-10/root/usr/lib/gcc/i686-redhat-linux/10/crtend.o /lib/crtn.o
COLLECT_GCC_OPTIONS='-v' '-o' 'cmTC_9e841' '-mtune=generic' '-march=x86-64'



Parsed C implicit include dir info from above output: rv=done
  found start of include info
  found start of implicit include info
    add: [/opt/rh/devtoolset-10/root/usr/lib/gcc/i686-redhat-linux/10/include]
    add: [/usr/local/include]
    add: [/opt/rh/devtoolset-10/root/usr/include]
    add: [/usr/include]
  end of search list found
  collapse include dir [/opt/rh/devtoolset-10/root/usr/lib/gcc/i686-redhat-linux/10/include] ==> [/opt/rh/devtoolset-10/root/usr/lib/gcc/i686-redhat-linux/10/include]
  collapse include dir [/usr/local/include] ==> [/usr/local/include]
  collapse include dir [/opt/rh/devtoolset-10/root/usr/include] ==> [/opt/rh/devtoolset-10/root/usr/include]
  collapse include dir [/usr/include] ==> [/usr/include]
  implicit include dirs: [/opt/rh/devtoolset-10/root/usr/lib/gcc/i686-redhat-linux/10/include;/usr/local/include;/opt/rh/devtoolset-10/root/usr/include;/usr/include]


Parsed C implicit link information from above output:
  link line regex: [^( *|.*[/\])(ld|CMAKE_LINK_STARTFILE-NOTFOUND|([^/\]+-)?ld|collect2)[^/\]*( |$)]
  ignore line: [Change Dir: /project/dotbot/lib/_build/CMakeFiles/CMakeScratch/TryCompile-ExWyW4]
  ignore line: []
  ignore line: [Run Build Command(s):/tmp/build-env-zsl3bi1o/bin/ninja cmTC_9e841 && [1/2] Building C object CMakeFiles/cmTC_9e841.dir/CMakeCCompilerABI.c.o]
  ignore line: [Using built-in specs.]
  ignore line: [COLLECT_GCC=/opt/rh/devtoolset-10/root/usr/bin/cc]
  ignore line: [Target: i686-redhat-linux]
  ignore line: [Configured with: ../configure --enable-bootstrap --enable-languages=c c++ fortran lto --prefix=/opt/rh/devtoolset-10/root/usr --mandir=/opt/rh/devtoolset-10/root/usr/share/man --infodir=/opt/rh/devtoolset-10/root/usr/share/info --with-bugurl=http://bugzilla.redhat.com/bugzilla --enable-shared --enable-threads=posix --enable-checking=release --enable-multilib --with-system-zlib --enable-__cxa_atexit --disable-libunwind-exceptions --enable-gnu-unique-object --enable-linker-build-id --with-gcc-major-version-only --with-linker-hash-style=gnu --with-default-libstdcxx-abi=gcc4-compatible --enable-plugin --enable-initfini-array --with-isl=/builddir/build/BUILD/gcc-10.2.1-20210130/obj-i686-redhat-linux/isl-install --disable-libmpx --enable-gnu-indirect-function --with-tune=generic --with-arch=x86-64 --build=i686-redhat-linux]
  ignore line: [Thread model: posix]
  ignore line: [Supported LTO compression algorithms: zlib]
  ignore line: [gcc version 10.2.1 20210130 (Red Hat 10.2.1-11) (GCC) ]
  ignore line: [COLLECT_GCC_OPTIONS='-v' '-o' 'CMakeFiles/cmTC_9e841.dir/CMakeCCompilerABI.c.o' '-c' '-mtune=generic' '-march=x86-64']
  ignore line: [ /opt/rh/devtoolset-10/root/usr/libexec/gcc/i686-redhat-linux/10/cc1 -quiet -v /tmp/build-env-zsl3bi1o/lib/python3.10/site-packages/cmake/data/share/cmake-3.25/Modules/CMakeCCompilerABI.c -quiet -dumpbase CMakeCCompilerABI.c -mtune=generic -march=x86-64 -auxbase-strip CMakeFiles/cmTC_9e841.dir/CMakeCCompilerABI.c.o -version -o /tmp/ccquYIwg.s]
  ignore line: [GNU C17 (GCC) version 10.2.1 20210130 (Red Hat 10.2.1-11) (i686-redhat-linux)]
  ignore line: [	compiled by GNU C version 10.2.1 20210130 (Red Hat 10.2.1-11)  GMP version 6.0.0  MPFR version 3.1.1  MPC version 1.0.1  isl version isl-0.16.1-GMP]
  ignore line: []
  ignore line: [GGC heuristics: --param ggc-min-expand=100 --param ggc-min-heapsize=131072]
  ignore line: [ignoring nonexistent directory "/opt/rh/devtoolset-10/root/usr/lib/gcc/i686-redhat-linux/10/include-fixed"]
  ignore line: [ignoring nonexistent directory "/opt/rh/devtoolset-10/root/usr/lib/gcc/i686-redhat-linux/10/../../../../i686-redhat-linux/include"]
  ignore line: [#include "..." search starts here:]
  ignore line: [#include <...> search starts here:]
  ignore line: [ /opt/rh/devtoolset-10/root/usr/lib/gcc/i686-redhat-linux/10/include]
  ignore line: [ /usr/local/include]
  ignore line: [ /opt/rh/devtoolset-10/root/usr/include]
  ignore line: [ /usr/include]
  ignore line: [End of search list.]
  ignore line: [GNU C17 (GCC) version 10.2.1 20210130 (Red Hat 10.2.1-11) (i686-redhat-linux)]
  ignore line: [	compiled by GNU C version 10.2.1 20210130 (Red Hat 10.2.1-11)  GMP version 6.0.0  MPFR version 3.1.1  MPC version 1.0.1  isl version isl-0.16.1-GMP]
  ignore line: []
  ignore line: [GGC heuristics: --param ggc-min-expand=100 --param ggc-min-heapsize=131072]
  ignore line: [Compiler executable checksum: 20bfd19d1eacf2753116ab974965aa9f]
  ignore line: [COLLECT_GCC_OPTIONS='-v' '-o' 'CMakeFiles/cmTC_9e841.dir/CMakeCCompilerABI.c.o' '-c' '-mtune=generic' '-march=x86-64']
  ignore line: [ /opt/rh/devtoolset-10/root/usr/libexec/gcc/i686-redhat-linux/10/as -v --32 -o CMakeFiles/cmTC_9e841.dir/CMakeCCompilerABI.c.o /tmp/ccquYIwg.s]
  ignore line: [GNU assembler version 2.35 (i686-redhat-linux) using BFD version version 2.35-5.el7.3]
  ignore line: [COMPILER_PATH=/opt/rh/devtoolset-10/root/usr/libexec/gcc/i686-redhat-linux/10/:/opt/rh/devtoolset-10/root/usr/libexec/gcc/i686-redhat-linux/10/:/opt/rh/devtoolset-10/root/usr/libexec/gcc/i686-redhat-linux/:/opt/rh/devtoolset-10/root/usr/lib/gcc/i686-redhat-linux/10/:/opt/rh/devtoolset-10/root/usr/lib/gcc/i686-redhat-linux/]
  ignore line: [LIBRARY_PATH=/opt/rh/devtoolset-10/root/usr/lib/gcc/i686-redhat-linux/10/:/opt/rh/devtoolset-10/root/usr/lib/gcc/i686-redhat-linux/10/../../../:/lib/:/usr/lib/]
  ignore line: [COLLECT_GCC_OPTIONS='-v' '-o' 'CMakeFiles/cmTC_9e841.dir/CMakeCCompilerABI.c.o' '-c' '-mtune=generic' '-march=x86-64']
  ignore line: [[2/2] Linking C executable cmTC_9e841]
  ignore line: [Using built-in specs.]
  ignore line: [COLLECT_GCC=/opt/rh/devtoolset-10/root/usr/bin/cc]
  ignore line: [COLLECT_LTO_WRAPPER=/opt/rh/devtoolset-10/root/usr/libexec/gcc/i686-redhat-linux/10/lto-wrapper]
  ignore line: [Target: i686-redhat-linux]
  ignore line: [Configured with: ../configure --enable-bootstrap --enable-languages=c c++ fortran lto --prefix=/opt/rh/devtoolset-10/root/usr --mandir=/opt/rh/devtoolset-10/root/usr/share/man --infodir=/opt/rh/devtoolset-10/root/usr/share/info --with-bugurl=http://bugzilla.redhat.com/bugzilla --enable-shared --enable-threads=posix --enable-checking=release --enable-multilib --with-system-zlib --enable-__cxa_atexit --disable-libunwind-exceptions --enable-gnu-unique-object --enable-linker-build-id --with-gcc-major-version-only --with-linker-hash-style=gnu --with-default-libstdcxx-abi=gcc4-compatible --enable-plugin --enable-initfini-array --with-isl=/builddir/build/BUILD/gcc-10.2.1-20210130/obj-i686-redhat-linux/isl-install --disable-libmpx --enable-gnu-indirect-function --with-tune=generic --with-arch=x86-64 --build=i686-redhat-linux]
  ignore line: [Thread model: posix]
  ignore line: [Supported LTO compression algorithms: zlib]
  ignore line: [gcc version 10.2.1 20210130 (Red Hat 10.2.1-11) (GCC) ]
  ignore line: [COMPILER_PATH=/opt/rh/devtoolset-10/root/usr/libexec/gcc/i686-redhat-linux/10/:/opt/rh/devtoolset-10/root/usr/libexec/gcc/i686-redhat-linux/10/:/opt/rh/devtoolset-10/root/usr/libexec/gcc/i686-redhat-linux/:/opt/rh/devtoolset-10/root/usr/lib/gcc/i686-redhat-linux/10/:/opt/rh/devtoolset-10/root/usr/lib/gcc/i686-redhat-linux/]
  ignore line: [LIBRARY_PATH=/opt/rh/devtoolset-10/root/usr/lib/gcc/i686-redhat-linux/10/:/opt/rh/devtoolset-10/root/usr/lib/gcc/i686-redhat-linux/10/../../../:/lib/:/usr/lib/]
  ignore line: [COLLECT_GCC_OPTIONS='-v' '-o' 'cmTC_9e841' '-mtune=generic' '-march=x86-64']
  link line: [ /opt/rh/devtoolset-10/root/usr/libexec/gcc/i686-redhat-linux/10/collect2 -plugin /opt/rh/devtoolset-10/root/usr/libexec/gcc/i686-redhat-linux/10/liblto_plugin.so -plugin-opt=/opt/rh/devtoolset-10/root/usr/libexec/gcc/i686-redhat-linux/10/lto-wrapper -plugin-opt=-fresolution=/tmp/ccZVvXgk.res -plugin-opt=-pass-through=-lgcc -plugin-opt=-pass-through=-lgcc_s -plugin-opt=-pass-through=-lc -plugin-opt=-pass-through=-lgcc -plugin-opt=-pass-through=-lgcc_s --build-id --no-add-needed --eh-frame-hdr --hash-style=gnu -m elf_i386 -dynamic-linker /lib/ld-linux.so.2 -o cmTC_9e841 /lib/crt1.o /lib/crti.o /opt/rh/devtoolset-10/root/usr/lib/gcc/i686-redhat-linux/10/crtbegin.o -L/opt/rh/devtoolset-10/root/usr/lib/gcc/i686-redhat-linux/10 -L/opt/rh/devtoolset-10/root/usr/lib/gcc/i686-redhat-linux/10/../../.. CMakeFiles/cmTC_9e841.dir/CMakeCCompilerABI.c.o -lgcc --push-state --as-needed -lgcc_s --pop-state -lc -lgcc --push-state --as-needed -lgcc_s --pop-state /opt/rh/devtoolset-10/root/usr/lib/gcc/i686-redhat-linux/10/crtend.o /lib/crtn.o]
    arg [/opt/rh/devtoolset-10/root/usr/libexec/gcc/i686-redhat-linux/10/collect2] ==> ignore
    arg [-plugin] ==> ignore
    arg [/opt/rh/devtoolset-10/root/usr/libexec/gcc/i686-redhat-linux/10/liblto_plugin.so] ==> ignore
    arg [-plugin-opt=/opt/rh/devtoolset-10/root/usr/libexec/gcc/i686-redhat-linux/10/lto-wrapper] ==> ignore
    arg [-plugin-opt=-fresolution=/tmp/ccZVvXgk.res] ==> ignore
    arg [-plugin-opt=-pass-through=-lgcc] ==> ignore
    arg [-plugin-opt=-pass-through=-lgcc_s] ==> ignore
    arg [-plugin-opt=-pass-through=-lc] ==> ignore
    arg [-plugin-opt=-pass-through=-lgcc] ==> ignore
    arg [-plugin-opt=-pass-through=-lgcc_s] ==> ignore
    arg [--build-id] ==> ignore
    arg [--no-add-needed] ==> ignore
    arg [--eh-frame-hdr] ==> ignore
    arg [--hash-style=gnu] ==> ignore
    arg [-m] ==> ignore
    arg [elf_i386] ==> ignore
    arg [-dynamic-linker] ==> ignore
    arg [/lib/ld-linux.so.2] ==> ignore
    arg [-o] ==> ignore
    arg [cmTC_9e841] ==> ignore
    arg [/lib/crt1.o] ==> obj [/lib/crt1.o]
    arg [/lib/crti.o] ==> obj [/lib/crti.o]
    arg [/opt/rh/devtoolset-10/root/usr/lib/gcc/i686-redhat-linux/10/crtbegin.o] ==> obj [/opt/rh/devtoolset-10/root/usr/lib/gcc/i686-redhat-linux/10/crtbegin.o]
    arg [-L/opt/rh/devtoolset-10/root/usr/lib/gcc/i686-redhat-linux/10] ==> dir [/opt/rh/devtoolset-10/root/usr/lib/gcc/i686-redhat-linux/10]
    arg [-L/opt/rh/devtoolset-10/root/usr/lib/gcc/i686-redhat-linux/10/../../..] ==> dir [/opt/rh/devtoolset-10/root/usr/lib/gcc/i686-redhat-linux/10/../../..]
    arg [CMakeFiles/cmTC_9e841.dir/CMakeCCompilerABI.c.o] ==> ignore
    arg [-lgcc] ==> lib [gcc]
    arg [--push-state] ==> ignore
    arg [--as-needed] ==> ignore
    arg [-lgcc_s] ==> lib [gcc_s]
    arg [--pop-state] ==> ignore
    arg [-lc] ==> lib [c]
    arg [-lgcc] ==> lib [gcc]
    arg [--push-state] ==> ignore
    arg [--as-needed] ==> ignore
    arg [-lgcc_s] ==> lib [gcc_s]
    arg [--pop-state] ==> ignore
    arg [/opt/rh/devtoolset-10/root/usr/lib/gcc/i686-redhat-linux/10/crtend.o] ==> obj [/opt/rh/devtoolset-10/root/usr/lib/gcc/i686-redhat-linux/10/crtend.o]
    arg [/lib/crtn.o] ==> obj [/lib/crtn.o]
  collapse library dir [/opt/rh/devtoolset-10/root/usr/lib/gcc/i686-redhat-linux/10] ==> [/opt/rh/devtoolset-10/root/usr/lib/gcc/i686-redhat-linux/10]
  collapse library dir [/opt/rh/devtoolset-10/root/usr/lib/gcc/i686-redhat-linux/10/../../..] ==> [/opt/rh/devtoolset-10/root/usr/lib]
  implicit libs: [gcc;gcc_s;c;gcc;gcc_s]
  implicit objs: [/lib/crt1.o;/lib/crti.o;/opt/rh/devtoolset-10/root/usr/lib/gcc/i686-redhat-linux/10/crtbegin.o;/opt/rh/devtoolset-10/root/usr/lib/gcc/i686-redhat-linux/10/crtend.o;/lib/crtn.o]
  implicit dirs: [/opt/rh/devtoolset-10/root/usr/lib/gcc/i686-redhat-linux/10;/opt/rh/devtoolset-10/root/usr/lib]
  implicit fwks: []


Detecting CXX compiler ABI info compiled with the following output:
Change Dir: /project/dotbot/lib/_build/CMakeFiles/CMakeScratch/TryCompile-grD76K

Run Build Command(s):/tmp/build-env-zsl3bi1o/bin/ninja cmTC_681aa && [1/2] Building CXX object CMakeFiles/cmTC_681aa.dir/CMakeCXXCompilerABI.cpp.o
Using built-in specs.
COLLECT_GCC=/opt/rh/devtoolset-10/root/usr/bin/c++
Target: i686-redhat-linux
Configured with: ../configure --enable-bootstrap --enable-languages=c,c++,fortran,lto --prefix=/opt/rh/devtoolset-10/root/usr --mandir=/opt/rh/devtoolset-10/root/usr/share/man --infodir=/opt/rh/devtoolset-10/root/usr/share/info --with-bugurl=http://bugzilla.redhat.com/bugzilla --enable-shared --enable-threads=posix --enable-checking=release --enable-multilib --with-system-zlib --enable-__cxa_atexit --disable-libunwind-exceptions --enable-gnu-unique-object --enable-linker-build-id --with-gcc-major-version-only --with-linker-hash-style=gnu --with-default-libstdcxx-abi=gcc4-compatible --enable-plugin --enable-initfini-array --with-isl=/builddir/build/BUILD/gcc-10.2.1-20210130/obj-i686-redhat-linux/isl-install --disable-libmpx --enable-gnu-indirect-function --with-tune=generic --with-arch=x86-64 --build=i686-redhat-linux
Thread model: posix
Supported LTO compression algorithms: zlib
gcc version 10.2.1 20210130 (Red Hat 10.2.1-11) (GCC) 
COLLECT_GCC_OPTIONS='-v' '-o' 'CMakeFiles/cmTC_681aa.dir/CMakeCXXCompilerABI.cpp.o' '-c' '-shared-libgcc' '-mtune=generic' '-march=x86-64'
 /opt/rh/devtoolset-10/root/usr/libexec/gcc/i686-redhat-linux/10/cc1plus -quiet -v -D_GNU_SOURCE /tmp/build-env-zsl3bi1o/lib/python3.10/site-packages/cmake/data/share/cmake-3.25/Modules/CMakeCXXCompilerABI.cpp -quiet -dumpbase CMakeCXXCompilerABI.cpp -mtune=generic -march=x86-64 -auxbase-strip CMakeFiles/cmTC_681aa.dir/CMakeCXXCompilerABI.cpp.o -version -o /tmp/ccXa3iIx.s
GNU C++14 (GCC) version 10.2.1 20210130 (Red Hat 10.2.1-11) (i686-redhat-linux)
	compiled by GNU C version 10.2.1 20210130 (Red Hat 10.2.1-11), GMP version 6.0.0, MPFR version 3.1.1, MPC version 1.0.1, isl version isl-0.16.1-GMP

GGC heuristics: --param ggc-min-expand=100 --param ggc-min-heapsize=131072
ignoring nonexistent directory "/opt/rh/devtoolset-10/root/usr/lib/gcc/i686-redhat-linux/10/include-fixed"
ignoring nonexistent directory "/opt/rh/devtoolset-10/root/usr/lib/gcc/i686-redhat-linux/10/../../../../i686-redhat-linux/include"
#include "..." search starts here:
#include <...> search starts here:
 /opt/rh/devtoolset-10/root/usr/lib/gcc/i686-redhat-linux/10/../../../../include/c++/10
 /opt/rh/devtoolset-10/root/usr/lib/gcc/i686-redhat-linux/10/../../../../include/c++/10/i686-redhat-linux
 /opt/rh/devtoolset-10/root/usr/lib/gcc/i686-redhat-linux/10/../../../../include/c++/10/backward
 /opt/rh/devtoolset-10/root/usr/lib/gcc/i686-redhat-linux/10/include
 /usr/local/include
 /opt/rh/devtoolset-10/root/usr/include
 /usr/include
End of search list.
GNU C++14 (GCC) version 10.2.1 20210130 (Red Hat 10.2.1-11) (i686-redhat-linux)
	compiled by GNU C version 10.2.1 20210130 (Red Hat 10.2.1-11), GMP version 6.0.0, MPFR version 3.1.1, MPC version 1.0.1, isl version isl-0.16.1-GMP

GGC heuristics: --param ggc-min-expand=100 --param ggc-min-heapsize=131072
Compiler executable checksum: 02262eb540e9a959b61dedfd2aaa6337
COLLECT_GCC_OPTIONS='-v' '-o' 'CMakeFiles/cmTC_681aa.dir/CMakeCXXCompilerABI.cpp.o' '-c' '-shared-libgcc' '-mtune=generic' '-march=x86-64'
 /opt/rh/devtoolset-10/root/usr/libexec/gcc/i686-redhat-linux/10/as -v --32 -o CMakeFiles/cmTC_681aa.dir/CMakeCXXCompilerABI.cpp.o /tmp/ccXa3iIx.s
GNU assembler version 2.35 (i686-redhat-linux) using BFD version version 2.35-5.el7.3
COMPILER_PATH=/opt/rh/devtoolset-10/root/usr/libexec/gcc/i686-redhat-linux/10/:/opt/rh/devtoolset-10/root/usr/libexec/gcc/i686-redhat-linux/10/:/opt/rh/devtoolset-10/root/usr/libexec/gcc/i686-redhat-linux/:/opt/rh/devtoolset-10/root/usr/lib/gcc/i686-redhat-linux/10/:/opt/rh/devtoolset-10/root/usr/lib/gcc/i686-redhat-linux/
LIBRARY_PATH=/opt/rh/devtoolset-10/root/usr/lib/gcc/i686-redhat-linux/10/:/opt/rh/devtoolset-10/root/usr/lib/gcc/i686-redhat-linux/10/../../../:/lib/:/usr/lib/
COLLECT_GCC_OPTIONS='-v' '-o' 'CMakeFiles/cmTC_681aa.dir/CMakeCXXCompilerABI.cpp.o' '-c' '-shared-libgcc' '-mtune=generic' '-march=x86-64'
[2/2] Linking CXX executable cmTC_681aa
Using built-in specs.
COLLECT_GCC=/opt/rh/devtoolset-10/root/usr/bin/c++
COLLECT_LTO_WRAPPER=/opt/rh/devtoolset-10/root/usr/libexec/gcc/i686-redhat-linux/10/lto-wrapper
Target: i686-redhat-linux
Configured with: ../configure --enable-bootstrap --enable-languages=c,c++,fortran,lto --prefix=/opt/rh/devtoolset-10/root/usr --mandir=/opt/rh/devtoolset-10/root/usr/share/man --infodir=/opt/rh/devtoolset-10/root/usr/share/info --with-bugurl=http://bugzilla.redhat.com/bugzilla --enable-shared --enable-threads=posix --enable-checking=release --enable-multilib --with-system-zlib --enable-__cxa_atexit --disable-libunwind-exceptions --enable-gnu-unique-object --enable-linker-build-id --with-gcc-major-version-only --with-linker-hash-style=gnu --with-default-libstdcxx-abi=gcc4-compatible --enable-plugin --enable-initfini-array --with-isl=/builddir/build/BUILD/gcc-10.2.1-20210130/obj-i686-redhat-linux/isl-install --disable-libmpx --enable-gnu-indirect-function --with-tune=generic --with-arch=x86-64 --build=i686-redhat-linux
Thread model: posix
Supported LTO compression algorithms: zlib
gcc version 10.2.1 20210130 (Red Hat 10.2.1-11) (GCC) 
COMPILER_PATH=/opt/rh/devtoolset-10/root/usr/libexec/gcc/i686-redhat-linux/10/:/opt/rh/devtoolset-10/root/usr/libexec/gcc/i686-redhat-linux/10/:/opt/rh/devtoolset-10/root/usr/libexec/gcc/i686-redhat-linux/:/opt/rh/devtoolset-10/root/usr/lib/gcc/i686-redhat-linux/10/:/opt/rh/devtoolset-10/root/usr/lib/gcc/i686-redhat-linux/
LIBRARY_PATH=/opt/rh/devtoolset-10/root/usr/lib/gcc/i686-redhat-linux/10/:/opt/rh/devtoolset-10/root/usr/lib/gcc/i686-redhat-linux/10/../../../:/lib/:/usr/lib/
COLLECT_GCC_OPTIONS='-v' '-o' 'cmTC_681aa' '-shared-libgcc' '-mtune=generic' '-march=x86-64'
 /opt/rh/devtoolset-10/root/usr/libexec/gcc/i686-redhat-linux/10/collect2 -plugin /opt/rh/devtoolset-10/root/usr/libexec/gcc/i686-redhat-linux/10/liblto_plugin.so -plugin-opt=/opt/rh/devtoolset-10/root/usr/libexec/gcc/i686-redhat-linux/10/lto-wrapper -plugin-opt=-fresolution=/tmp/ccQzDAqB.res -plugin-opt=-pass-through=-lgcc_s -plugin-opt=-pass-through=-lgcc -plugin-opt=-pass-through=-lc -plugin-opt=-pass-through=-lgcc_s -plugin-opt=-pass-through=-lgcc --build-id --no-add-needed --eh-frame-hdr --hash-style=gnu -m elf_i386 -dynamic-linker /lib/ld-linux.so.2 -o cmTC_681aa /lib/crt1.o /lib/crti.o /opt/rh/devtoolset-10/root/usr/lib/gcc/i686-redhat-linux/10/crtbegin.o -L/opt/rh/devtoolset-10/root/usr/lib/gcc/i686-redhat-linux/10 -L/opt/rh/devtoolset-10/root/usr/lib/gcc/i686-redhat-linux/10/../../.. CMakeFiles/cmTC_681aa.dir/CMakeCXXCompilerABI.cpp.o -lstdc++ -lm -lgcc_s -lgcc -lc -lgcc_s -lgcc /opt/rh/devtoolset-10/root/usr/lib/gcc/i686-redhat-linux/10/crtend.o /lib/crtn.o
COLLECT_GCC_OPTIONS='-v' '-o' 'cmTC_681aa' '-shared-libgcc' '-mtune=generic' '-march=x86-64'



Parsed CXX implicit include dir info from above output: rv=done
  found start of include info
  found start of implicit include info
    add: [/opt/rh/devtoolset-10/root/usr/lib/gcc/i686-redhat-linux/10/../../../../include/c++/10]
    add: [/opt/rh/devtoolset-10/root/usr/lib/gcc/i686-redhat-linux/10/../../../../include/c++/10/i686-redhat-linux]
    add: [/opt/rh/devtoolset-10/root/usr/lib/gcc/i686-redhat-linux/10/../../../../include/c++/10/backward]
    add: [/opt/rh/devtoolset-10/root/usr/lib/gcc/i686-redhat-linux/10/include]
    add: [/usr/local/include]
    add: [/opt/rh/devtoolset-10/root/usr/include]
    add: [/usr/include]
  end of search list found
  collapse include dir [/opt/rh/devtoolset-10/root/usr/lib/gcc/i686-redhat-linux/10/../../../../include/c++/10] ==> [/opt/rh/devtoolset-10/root/usr/include/c++/10]
  collapse include dir [/opt/rh/devtoolset-10/root/usr/lib/gcc/i686-redhat-linux/10/../../../../include/c++/10/i686-redhat-linux] ==> [/opt/rh/devtoolset-10/root/usr/include/c++/10/i686-redhat-linux]
  collapse include dir [/opt/rh/devtoolset-10/root/usr/lib/gcc/i686-redhat-linux/10/../../../../include/c++/10/backward] ==> [/opt/rh/devtoolset-10/root/usr/include/c++/10/backward]
  collapse include dir [/opt/rh/devtoolset-10/root/usr/lib/gcc/i686-redhat-linux/10/include] ==> [/opt/rh/devtoolset-10/root/usr/lib/gcc/i686-redhat-linux/10/include]
  collapse include dir [/usr/local/include] ==> [/usr/local/include]
  collapse include dir [/opt/rh/devtoolset-10/root/usr/include] ==> [/opt/rh/devtoolset-10/root/usr/include]
  collapse include dir [/usr/include] ==> [/usr/include]
  implicit include dirs: [/opt/rh/devtoolset-10/root/usr/include/c++/10;/opt/rh/devtoolset-10/root/usr/include/c++/10/i686-redhat-linux;/opt/rh/devtoolset-10/root/usr/include/c++/10/backward;/opt/rh/devtoolset-10/root/usr/lib/gcc/i686-redhat-linux/10/include;/usr/local/include;/opt/rh/devtoolset-10/root/usr/include;/usr/include]


Parsed CXX implicit link information from above output:
  link line regex: [^( *|.*[/\])(ld|CMAKE_LINK_STARTFILE-NOTFOUND|([^/\]+-)?ld|collect2)[^/\]*( |$)]
  ignore line: [Change Dir: /project/dotbot/lib/_build/CMakeFiles/CMakeScratch/TryCompile-grD76K]
  ignore line: []
  ignore line: [Run Build Command(s):/tmp/build-env-zsl3bi1o/bin/ninja cmTC_681aa && [1/2] Building CXX object CMakeFiles/cmTC_681aa.dir/CMakeCXXCompilerABI.cpp.o]
  ignore line: [Using built-in specs.]
  ignore line: [COLLECT_GCC=/opt/rh/devtoolset-10/root/usr/bin/c++]
  ignore line: [Target: i686-redhat-linux]
  ignore line: [Configured with: ../configure --enable-bootstrap --enable-languages=c c++ fortran lto --prefix=/opt/rh/devtoolset-10/root/usr --mandir=/opt/rh/devtoolset-10/root/usr/share/man --infodir=/opt/rh/devtoolset-10/root/usr/share/info --with-bugurl=http://bugzilla.redhat.com/bugzilla --enable-shared --enable-threads=posix --enable-checking=release --enable-multilib --with-system-zlib --enable-__cxa_atexit --disable-libunwind-exceptions --enable-gnu-unique-object --enable-linker-build-id --with-gcc-major-version-only --with-linker-hash-style=gnu --with-default-libstdcxx-abi=gcc4-compatible --enable-plugin --enable-initfini-array --with-isl=/builddir/build/BUILD/gcc-10.2.1-20210130/obj-i686-redhat-linux/isl-install --disable-libmpx --enable-gnu-indirect-function --with-tune=generic --with-arch=x86-64 --build=i686-redhat-linux]
  ignore line: [Thread model: posix]
  ignore line: [Supported LTO compression algorithms: zlib]
  ignore line: [gcc version 10.2.1 20210130 (Red Hat 10.2.1-11) (GCC) ]
  ignore line: [COLLECT_GCC_OPTIONS='-v' '-o' 'CMakeFiles/cmTC_681aa.dir/CMakeCXXCompilerABI.cpp.o' '-c' '-shared-libgcc' '-mtune=generic' '-march=x86-64']
  ignore line: [ /opt/rh/devtoolset-10/root/usr/libexec/gcc/i686-redhat-linux/10/cc1plus -quiet -v -D_GNU_SOURCE /tmp/build-env-zsl3bi1o/lib/python3.10/site-packages/cmake/data/share/cmake-3.25/Modules/CMakeCXXCompilerABI.cpp -quiet -dumpbase CMakeCXXCompilerABI.cpp -mtune=generic -march=x86-64 -auxbase-strip CMakeFiles/cmTC_681aa.dir/CMakeCXXCompilerABI.cpp.o -version -o /tmp/ccXa3iIx.s]
  ignore line: [GNU C++14 (GCC) version 10.2.1 20210130 (Red Hat 10.2.1-11) (i686-redhat-linux)]
  ignore line: [	compiled by GNU C version 10.2.1 20210130 (Red Hat 10.2.1-11)  GMP version 6.0.0  MPFR version 3.1.1  MPC version 1.0.1  isl version isl-0.16.1-GMP]
  ignore line: []
  ignore line: [GGC heuristics: --param ggc-min-expand=100 --param ggc-min-heapsize=131072]
  ignore line: [ignoring nonexistent directory "/opt/rh/devtoolset-10/root/usr/lib/gcc/i686-redhat-linux/10/include-fixed"]
  ignore line: [ignoring nonexistent directory "/opt/rh/devtoolset-10/root/usr/lib/gcc/i686-redhat-linux/10/../../../../i686-redhat-linux/include"]
  ignore line: [#include "..." search starts here:]
  ignore line: [#include <...> search starts here:]
  ignore line: [ /opt/rh/devtoolset-10/root/usr/lib/gcc/i686-redhat-linux/10/../../../../include/c++/10]
  ignore line: [ /opt/rh/devtoolset-10/root/usr/lib/gcc/i686-redhat-linux/10/../../../../include/c++/10/i686-redhat-linux]
  ignore line: [ /opt/rh/devtoolset-10/root/usr/lib/gcc/i686-redhat-linux/10/../../../../include/c++/10/backward]
  ignore line: [ /opt/rh/devtoolset-10/root/usr/lib/gcc/i686-redhat-linux/10/include]
  ignore line: [ /usr/local/include]
  ignore line: [ /opt/rh/devtoolset-10/root/usr/include]
  ignore line: [ /usr/include]
  ignore line: [End of search list.]
  ignore line: [GNU C++14 (GCC) version 10.2.1 20210130 (Red Hat 10.2.1-11) (i686-redhat-linux)]
  ignore line: [	compiled by GNU C version 10.2.1 20210130 (Red Hat 10.2.1-11)  GMP version 6.0.0  MPFR version 3.1.1  MPC version 1.0.1  isl version isl-0.16.1-GMP]
  ignore line: []
  ignore line: [GGC heuristics: --param ggc-min-expand=100 --param ggc-min-heapsize=131072]
  ignore line: [Compiler executable checksum: 02262eb540e9a959b61dedfd2aaa6337]
  ignore line: [COLLECT_GCC_OPTIONS='-v' '-o' 'CMakeFiles/cmTC_681aa.dir/CMakeCXXCompilerABI.cpp.o' '-c' '-shared-libgcc' '-mtune=generic' '-march=x86-64']
  ignore line: [ /opt/rh/devtoolset-10/root/usr/libexec/gcc/i686-redhat-linux/10/as -v --32 -o CMakeFiles/cmTC_681aa.dir/CMakeCXXCompilerABI.cpp.o /tmp/ccXa3iIx.s]
  ignore line: [GNU assembler version 2.35 (i686-redhat-linux) using BFD version version 2.35-5.el7.3]
  ignore line: [COMPILER_PATH=/opt/rh/devtoolset-10/root/usr/libexec/gcc/i686-redhat-linux/10/:/opt/rh/devtoolset-10/root/usr/libexec/gcc/i686-redhat-linux/10/:/opt/rh/devtoolset-10/root/usr/libexec/gcc/i686-redhat-linux/:/opt/rh/devtoolset-10/root/usr/lib/gcc/i686-redhat-linux/10/:/opt/rh/devtoolset-10/root/usr/lib/gcc/i686-redhat-linux/]
  ignore line: [LIBRARY_PATH=/opt/rh/devtoolset-10/root/usr/lib/gcc/i686-redhat-linux/10/:/opt/rh/devtoolset-10/root/usr/lib/gcc/i686-redhat-linux/10/../../../:/lib/:/usr/lib/]
  ignore line: [COLLECT_GCC_OPTIONS='-v' '-o' 'CMakeFiles/cmTC_681aa.dir/CMakeCXXCompilerABI.cpp.o' '-c' '-shared-libgcc' '-mtune=generic' '-march=x86-64']
  ignore line: [[2/2] Linking CXX executable cmTC_681aa]
  ignore line: [Using built-in specs.]
  ignore line: [COLLECT_GCC=/opt/rh/devtoolset-10/root/usr/bin/c++]
  ignore line: [COLLECT_LTO_WRAPPER=/opt/rh/devtoolset-10/root/usr/libexec/gcc/i686-redhat-linux/10/lto-wrapper]
  ignore line: [Target: i686-redhat-linux]
  ignore line: [Configured with: ../configure --enable-bootstrap --enable-languages=c c++ fortran lto --prefix=/opt/rh/devtoolset-10/root/usr --mandir=/opt/rh/devtoolset-10/root/usr/share/man --infodir=/opt/rh/devtoolset-10/root/usr/share/info --with-bugurl=http://bugzilla.redhat.com/bugzilla --enable-shared --enable-threads=posix --enable-checking=release --enable-multilib --with-system-zlib --enable-__cxa_atexit --disable-libunwind-exceptions --enable-gnu-unique-object --enable-linker-build-id --with-gcc-major-version-only --with-linker-hash-style=gnu --with-default-libstdcxx-abi=gcc4-compatible --enable-plugin --enable-initfini-array --with-isl=/builddir/build/BUILD/gcc-10.2.1-20210130/obj-i686-redhat-linux/isl-install --disable-libmpx --enable-gnu-indirect-function --with-tune=generic --with-arch=x86-64 --build=i686-redhat-linux]
  ignore line: [Thread model: posix]
  ignore line: [Supported LTO compression algorithms: zlib]
  ignore line: [gcc version 10.2.1 20210130 (Red Hat 10.2.1-11) (GCC) ]
  ignore line: [COMPILER_PATH=/opt/rh/devtoolset-10/root/usr/libexec/gcc/i686-redhat-linux/10/:/opt/rh/devtoolset-10/root/usr/libexec/gcc/i686-redhat-linux/10/:/opt/rh/devtoolset-10/root/usr/libexec/gcc/i686-redhat-linux/:/opt/rh/devtoolset-10/root/usr/lib/gcc/i686-redhat-linux/10/:/opt/rh/devtoolset-10/root/usr/lib/gcc/i686-redhat-linux/]
  ignore line: [LIBRARY_PATH=/opt/rh/devtoolset-10/root/usr/lib/gcc/i686-redhat-linux/10/:/opt/rh/devtoolset-10/root/usr/lib/gcc/i686-redhat-linux/10/../../../:/lib/:/usr/lib/]
  ignore line: [COLLECT_GCC_OPTIONS='-v' '-o' 'cmTC_681aa' '-shared-libgcc' '-mtune=generic' '-march=x86-64']
  link line: [ /opt/rh/devtoolset-10/root/usr/libexec/gcc/i686-redhat-linux/10/collect2 -plugin /opt/rh/devtoolset-10/root/usr/libexec/gcc/i686-redhat-linux/10/liblto_plugin.so -plugin-opt=/opt/rh/devtoolset-10/root/usr/libexec/gcc/i686-redhat-linux/10/lto-wrapper -plugin-opt=-fresolution=/tmp/ccQzDAqB.res -plugin-opt=-pass-through=-lgcc_s -plugin-opt=-pass-through=-lgcc -plugin-opt=-pass-through=-lc -plugin-opt=-pass-through=-lgcc_s -plugin-opt=-pass-through=-lgcc --build-id --no-add-needed --eh-frame-hdr --hash-style=gnu -m elf_i386 -dynamic-linker /lib/ld-linux.so.2 -o cmTC_681aa /lib/crt1.o /lib/crti.o /opt/rh/devtoolset-10/root/usr/lib/gcc/i686-redhat-linux/10/crtbegin.o -L/opt/rh/devtoolset-10/root/usr/lib/gcc/i686-redhat-linux/10 -L/opt/rh/devtoolset-10/root/usr/lib/gcc/i686-redhat-linux/10/../../.. CMakeFiles/cmTC_681aa.dir/CMakeCXXCompilerABI.cpp.o -lstdc++ -lm -lgcc_s -lgcc -lc -lgcc_s -lgcc /opt/rh/devtoolset-10/root/usr/lib/gcc/i686-redhat-linux/10/crtend.o /lib/crtn.o]
    arg [/opt/rh/devtoolset-10/root/usr/libexec/gcc/i686-redhat-linux/10/collect2] ==> ignore
    arg [-plugin] ==> ignore
    arg [/opt/rh/devtoolset-10/root/usr/libexec/gcc/i686-redhat-linux/10/liblto_plugin.so] ==> ignore
    arg [-plugin-opt=/opt/rh/devtoolset-10/root/usr/libexec/gcc/i686-redhat-linux/10/lto-wrapper] ==> ignore
    arg [-plugin-opt=-fresolution=/tmp/ccQzDAqB.res] ==> ignore
    arg [-plugin-opt=-pass-through=-lgcc_s] ==> ignore
    arg [-plugin-opt=-pass-through=-lgcc] ==> ignore
    arg [-plugin-opt=-pass-through=-lc] ==> ignore
    arg [-plugin-opt=-pass-through=-lgcc_s] ==> ignore
    arg [-plugin-opt=-pass-through=-lgcc] ==> ignore
    arg [--build-id] ==> ignore
    arg [--no-add-needed] ==> ignore
    arg [--eh-frame-hdr] ==> ignore
    arg [--hash-style=gnu] ==> ignore
    arg [-m] ==> ignore
    arg [elf_i386] ==> ignore
    arg [-dynamic-linker] ==> ignore
    arg [/lib/ld-linux.so.2] ==> ignore
    arg [-o] ==> ignore
    arg [cmTC_681aa] ==> ignore
    arg [/lib/crt1.o] ==> obj [/lib/crt1.o]
    arg [/lib/crti.o] ==> obj [/lib/crti.o]
    arg [/opt/rh/devtoolset-10/root/usr/lib/gcc/i686-redhat-linux/10/crtbegin.o] ==> obj [/opt/rh/devtoolset-10/root/usr/lib/gcc/i686-redhat-linux/10/crtbegin.o]
    arg [-L/opt/rh/devtoolset-10/root/usr/lib/gcc/i686-redhat-linux/10] ==> dir [/opt/rh/devtoolset-10/root/usr/lib/gcc/i686-redhat-linux/10]
    arg [-L/opt/rh/devtoolset-10/root/usr/lib/gcc/i686-redhat-linux/10/../../..] ==> dir [/opt/rh/devtoolset-10/root/usr/lib/gcc/i686-redhat-linux/10/../../..]
    arg [CMakeFiles/cmTC_681aa.dir/CMakeCXXCompilerABI.cpp.o] ==> ignore
    arg [-lstdc++] ==> lib [stdc++]
    arg [-lm] ==> lib [m]
    arg [-lgcc_s] ==> lib [gcc_s]
    arg [-lgcc] ==> lib [gcc]
    arg [-lc] ==> lib [c]
    arg [-lgcc_s] ==> lib [gcc_s]
    arg [-lgcc] ==> lib [gcc]
    arg [/opt/rh/devtoolset-10/root/usr/lib/gcc/i686-redhat-linux/10/crtend.o] ==> obj [/opt/rh/devtoolset-10/root/usr/lib/gcc/i686-redhat-linux/10/crtend.o]
    arg [/lib/crtn.o] ==> obj [/lib/crtn.o]
  collapse library dir [/opt/rh/devtoolset-10/root/usr/lib/gcc/i686-redhat-linux/10] ==> [/opt/rh/devtoolset-10/root/usr/lib/gcc/i686-redhat-linux/10]
  collapse library dir [/opt/rh/devtoolset-10/root/usr/lib/gcc/i686-redhat-linux/10/../../..] ==> [/opt/rh/devtoolset-10/root/usr/lib]
  implicit libs: [stdc++;m;gcc_s;gcc;c;gcc_s;gcc]
  implicit objs: [/lib/crt1.o;/lib/crti.o;/opt/rh/devtoolset-10/root/usr/lib/gcc/i686-redhat-linux/10/crtbegin.o;/opt/rh/devtoolset-10/root/usr/lib/gcc/i686-redhat-linux/10/crtend.o;/lib/crtn.o]
  implicit dirs: [/opt/rh/devtoolset-10/root/usr/lib/gcc/i686-redhat-linux/10;/opt/rh/devtoolset-10/root/usr/lib]
  implicit fwks: []


